<?xml version="1.0" encoding="UTF-8"?>
<!-- Generated by org.testng.reporters.JUnitXMLReporter -->
<testsuite ignored="0" hostname="DESKTOP-FADL0SF" failures="0" tests="5" name="Default test" time="0.318" errors="0" timestamp="2023-02-23T20:17:22 IST">
  <testcase classname="ExtendReport.ExtendReport" name="@BeforeTest startRoort" time="0.109">
    <failure type="java.lang.NoSuchFieldError" message="VERSION_2_3_30">
      <![CDATA[java.lang.NoSuchFieldError: VERSION_2_3_30
at com.aventstack.extentreports.reporter.AbstractFileReporter.loadTemplateModel(AbstractFileReporter.java:54)
at com.aventstack.extentreports.reporter.ExtentSparkReporter.start(ExtentSparkReporter.java:136)
at com.aventstack.extentreports.reporter.ExtentSparkReporter.access$000(ExtentSparkReporter.java:27)
at com.aventstack.extentreports.reporter.ExtentSparkReporter$1.onSubscribe(ExtentSparkReporter.java:116)
at io.reactivex.rxjava3.subjects.PublishSubject.subscribeActual(PublishSubject.java:133)
at io.reactivex.rxjava3.core.Observable.subscribe(Observable.java:13099)
at com.aventstack.extentreports.ReactiveSubject.attachReporter(ReactiveSubject.java:38)
at com.aventstack.extentreports.ExtentReports.attachReporter(ExtentReports.java:66)
at ExtendReport.ExtendReport.startRoort(ExtendReport.java:34)
at java.base/jdk.internal.reflect.DirectMethodHandleAccessor.invoke(DirectMethodHandleAccessor.java:104)
at java.base/java.lang.reflect.Method.invoke(Method.java:578)
at org.testng.internal.MethodInvocationHelper.invokeMethod(MethodInvocationHelper.java:133)
at org.testng.internal.MethodInvocationHelper.invokeMethodConsideringTimeout(MethodInvocationHelper.java:62)
at org.testng.internal.ConfigInvoker.invokeConfigurationMethod(ConfigInvoker.java:385)
at org.testng.internal.ConfigInvoker.invokeConfigurations(ConfigInvoker.java:321)
at org.testng.TestRunner.invokeTestConfigurations(TestRunner.java:637)
at org.testng.TestRunner.beforeRun(TestRunner.java:627)
at org.testng.TestRunner.run(TestRunner.java:589)
at org.testng.SuiteRunner.runTest(SuiteRunner.java:377)
at org.testng.SuiteRunner.runSequentially(SuiteRunner.java:371)
at org.testng.SuiteRunner.privateRun(SuiteRunner.java:332)
at org.testng.SuiteRunner.run(SuiteRunner.java:276)
at org.testng.SuiteRunnerWorker.runSuite(SuiteRunnerWorker.java:53)
at org.testng.SuiteRunnerWorker.run(SuiteRunnerWorker.java:96)
at org.testng.TestNG.runSuitesSequentially(TestNG.java:1212)
at org.testng.TestNG.runSuitesLocally(TestNG.java:1134)
at org.testng.TestNG.runSuites(TestNG.java:1063)
at org.testng.TestNG.run(TestNG.java:1031)
at org.testng.remote.AbstractRemoteTestNG.run(AbstractRemoteTestNG.java:115)
at org.testng.remote.RemoteTestNG.initAndRun(RemoteTestNG.java:251)
at org.testng.remote.RemoteTestNG.main(RemoteTestNG.java:77)
]]>
    </failure>
  </testcase> <!-- @BeforeTest startRoort -->
  <testcase classname="ExtendReport.ExtendReport" name="@AfterMethod getTestResult" time="-1.677163642161E9">
    <skipped/>
  </testcase> <!-- @AfterMethod getTestResult -->
  <testcase classname="ExtendReport.ExtendReport" name="@AfterMethod getTestResult" time="-1.677163642178E9">
    <skipped/>
  </testcase> <!-- @AfterMethod getTestResult -->
  <testcase classname="ExtendReport.ExtendReport" name="@AfterMethod getTestResult" time="-1.677163642186E9">
    <skipped/>
  </testcase> <!-- @AfterMethod getTestResult -->
  <testcase classname="ExtendReport.ExtendReport" name="@AfterMethod getTestResult" time="-1.677163642193E9">
    <skipped/>
  </testcase> <!-- @AfterMethod getTestResult -->
  <testcase classname="ExtendReport.ExtendReport" name="@AfterMethod getTestResult" time="-1.677163642202E9">
    <skipped/>
  </testcase> <!-- @AfterMethod getTestResult -->
  <testcase classname="ExtendReport.ExtendReport" name="@AfterTest tearDown" time="-1.677163642205E9">
    <skipped/>
  </testcase> <!-- @AfterTest tearDown -->
  <testcase classname="ExtendReport.ExtendReport" name="LanchBrowser" time="0.0">
    <skipped/>
  </testcase> <!-- LanchBrowser -->
  <testcase classname="ExtendReport.ExtendReport" name="VerifyEmail" time="0.0">
    <skipped/>
  </testcase> <!-- VerifyEmail -->
  <testcase classname="ExtendReport.ExtendReport" name="VerifyLogo" time="0.0">
    <skipped/>
  </testcase> <!-- VerifyLogo -->
  <testcase classname="ExtendReport.ExtendReport" name="VerifyTitel" time="0.0">
    <skipped/>
  </testcase> <!-- VerifyTitel -->
  <testcase classname="ExtendReport.ExtendReport" name="VerifyUserName" time="0.0">
    <skipped/>
  </testcase> <!-- VerifyUserName -->
</testsuite> <!-- Default test -->
