<?xml version="1.0" encoding="UTF-8"?>
<testng-results ignored="0" total="5" passed="0" failed="0" skipped="5">
  <reporter-output>
  </reporter-output>
  <suite started-at="2023-02-23T20:17:21 IST" name="Default suite" finished-at="2023-02-23T20:17:22 IST" duration-ms="318">
    <groups>
    </groups>
    <test started-at="2023-02-23T20:17:21 IST" name="Default test" finished-at="2023-02-23T20:17:22 IST" duration-ms="318">
      <class name="ExtendReport.ExtendReport">
        <test-method is-config="true" signature="startRoort()[pri:0, instance:ExtendReport.ExtendReport@5b247367]" started-at="2023-02-23T20:17:21 IST" name="startRoort" finished-at="2023-02-23T20:17:22 IST" duration-ms="109" status="FAIL">
          <exception class="java.lang.NoSuchFieldError">
            <message>
              <![CDATA[VERSION_2_3_30]]>
            </message>
            <full-stacktrace>
              <![CDATA[java.lang.NoSuchFieldError: VERSION_2_3_30
at com.aventstack.extentreports.reporter.AbstractFileReporter.loadTemplateModel(AbstractFileReporter.java:54)
at com.aventstack.extentreports.reporter.ExtentSparkReporter.start(ExtentSparkReporter.java:136)
at com.aventstack.extentreports.reporter.ExtentSparkReporter.access$000(ExtentSparkReporter.java:27)
at com.aventstack.extentreports.reporter.ExtentSparkReporter$1.onSubscribe(ExtentSparkReporter.java:116)
at io.reactivex.rxjava3.subjects.PublishSubject.subscribeActual(PublishSubject.java:133)
at io.reactivex.rxjava3.core.Observable.subscribe(Observable.java:13099)
at com.aventstack.extentreports.ReactiveSubject.attachReporter(ReactiveSubject.java:38)
at com.aventstack.extentreports.ExtentReports.attachReporter(ExtentReports.java:66)
at ExtendReport.ExtendReport.startRoort(ExtendReport.java:34)
at java.base/jdk.internal.reflect.DirectMethodHandleAccessor.invoke(DirectMethodHandleAccessor.java:104)
at java.base/java.lang.reflect.Method.invoke(Method.java:578)
at org.testng.internal.MethodInvocationHelper.invokeMethod(MethodInvocationHelper.java:133)
at org.testng.internal.MethodInvocationHelper.invokeMethodConsideringTimeout(MethodInvocationHelper.java:62)
at org.testng.internal.ConfigInvoker.invokeConfigurationMethod(ConfigInvoker.java:385)
at org.testng.internal.ConfigInvoker.invokeConfigurations(ConfigInvoker.java:321)
at org.testng.TestRunner.invokeTestConfigurations(TestRunner.java:637)
at org.testng.TestRunner.beforeRun(TestRunner.java:627)
at org.testng.TestRunner.run(TestRunner.java:589)
at org.testng.SuiteRunner.runTest(SuiteRunner.java:377)
at org.testng.SuiteRunner.runSequentially(SuiteRunner.java:371)
at org.testng.SuiteRunner.privateRun(SuiteRunner.java:332)
at org.testng.SuiteRunner.run(SuiteRunner.java:276)
at org.testng.SuiteRunnerWorker.runSuite(SuiteRunnerWorker.java:53)
at org.testng.SuiteRunnerWorker.run(SuiteRunnerWorker.java:96)
at org.testng.TestNG.runSuitesSequentially(TestNG.java:1212)
at org.testng.TestNG.runSuitesLocally(TestNG.java:1134)
at org.testng.TestNG.runSuites(TestNG.java:1063)
at org.testng.TestNG.run(TestNG.java:1031)
at org.testng.remote.AbstractRemoteTestNG.run(AbstractRemoteTestNG.java:115)
at org.testng.remote.RemoteTestNG.initAndRun(RemoteTestNG.java:251)
at org.testng.remote.RemoteTestNG.main(RemoteTestNG.java:77)
]]>
            </full-stacktrace>
          </exception> <!-- java.lang.NoSuchFieldError -->
          <reporter-output>
          </reporter-output>
        </test-method> <!-- startRoort -->
        <test-method signature="LanchBrowser()[pri:0, instance:ExtendReport.ExtendReport@5b247367]" started-at="2023-02-23T20:17:22 IST" name="LanchBrowser" finished-at="2023-02-23T20:17:22 IST" duration-ms="0" status="SKIP">
          <exception class="java.lang.NoSuchFieldError">
            <message>
              <![CDATA[VERSION_2_3_30]]>
            </message>
            <full-stacktrace>
              <![CDATA[java.lang.NoSuchFieldError: VERSION_2_3_30
at com.aventstack.extentreports.reporter.AbstractFileReporter.loadTemplateModel(AbstractFileReporter.java:54)
at com.aventstack.extentreports.reporter.ExtentSparkReporter.start(ExtentSparkReporter.java:136)
at com.aventstack.extentreports.reporter.ExtentSparkReporter.access$000(ExtentSparkReporter.java:27)
at com.aventstack.extentreports.reporter.ExtentSparkReporter$1.onSubscribe(ExtentSparkReporter.java:116)
at io.reactivex.rxjava3.subjects.PublishSubject.subscribeActual(PublishSubject.java:133)
at io.reactivex.rxjava3.core.Observable.subscribe(Observable.java:13099)
at com.aventstack.extentreports.ReactiveSubject.attachReporter(ReactiveSubject.java:38)
at com.aventstack.extentreports.ExtentReports.attachReporter(ExtentReports.java:66)
at ExtendReport.ExtendReport.startRoort(ExtendReport.java:34)
at java.base/jdk.internal.reflect.DirectMethodHandleAccessor.invoke(DirectMethodHandleAccessor.java:104)
at java.base/java.lang.reflect.Method.invoke(Method.java:578)
at org.testng.internal.MethodInvocationHelper.invokeMethod(MethodInvocationHelper.java:133)
at org.testng.internal.MethodInvocationHelper.invokeMethodConsideringTimeout(MethodInvocationHelper.java:62)
at org.testng.internal.ConfigInvoker.invokeConfigurationMethod(ConfigInvoker.java:385)
at org.testng.internal.ConfigInvoker.invokeConfigurations(ConfigInvoker.java:321)
at org.testng.TestRunner.invokeTestConfigurations(TestRunner.java:637)
at org.testng.TestRunner.beforeRun(TestRunner.java:627)
at org.testng.TestRunner.run(TestRunner.java:589)
at org.testng.SuiteRunner.runTest(SuiteRunner.java:377)
at org.testng.SuiteRunner.runSequentially(SuiteRunner.java:371)
at org.testng.SuiteRunner.privateRun(SuiteRunner.java:332)
at org.testng.SuiteRunner.run(SuiteRunner.java:276)
at org.testng.SuiteRunnerWorker.runSuite(SuiteRunnerWorker.java:53)
at org.testng.SuiteRunnerWorker.run(SuiteRunnerWorker.java:96)
at org.testng.TestNG.runSuitesSequentially(TestNG.java:1212)
at org.testng.TestNG.runSuitesLocally(TestNG.java:1134)
at org.testng.TestNG.runSuites(TestNG.java:1063)
at org.testng.TestNG.run(TestNG.java:1031)
at org.testng.remote.AbstractRemoteTestNG.run(AbstractRemoteTestNG.java:115)
at org.testng.remote.RemoteTestNG.initAndRun(RemoteTestNG.java:251)
at org.testng.remote.RemoteTestNG.main(RemoteTestNG.java:77)
]]>
            </full-stacktrace>
          </exception> <!-- java.lang.NoSuchFieldError -->
          <reporter-output>
          </reporter-output>
        </test-method> <!-- LanchBrowser -->
        <test-method is-config="true" signature="getTestResult(org.testng.ITestResult)[pri:0, instance:ExtendReport.ExtendReport@5b247367]" started-at="2023-02-23T20:17:22 IST" name="getTestResult" finished-at="1970-01-01T05:30:00 IST" duration-ms="-1677163642161" status="SKIP">
          <reporter-output>
          </reporter-output>
        </test-method> <!-- getTestResult -->
        <test-method signature="VerifyEmail()[pri:0, instance:ExtendReport.ExtendReport@5b247367]" started-at="2023-02-23T20:17:22 IST" name="VerifyEmail" finished-at="2023-02-23T20:17:22 IST" duration-ms="0" status="SKIP">
          <exception class="java.lang.NoSuchFieldError">
            <message>
              <![CDATA[VERSION_2_3_30]]>
            </message>
            <full-stacktrace>
              <![CDATA[java.lang.NoSuchFieldError: VERSION_2_3_30
at com.aventstack.extentreports.reporter.AbstractFileReporter.loadTemplateModel(AbstractFileReporter.java:54)
at com.aventstack.extentreports.reporter.ExtentSparkReporter.start(ExtentSparkReporter.java:136)
at com.aventstack.extentreports.reporter.ExtentSparkReporter.access$000(ExtentSparkReporter.java:27)
at com.aventstack.extentreports.reporter.ExtentSparkReporter$1.onSubscribe(ExtentSparkReporter.java:116)
at io.reactivex.rxjava3.subjects.PublishSubject.subscribeActual(PublishSubject.java:133)
at io.reactivex.rxjava3.core.Observable.subscribe(Observable.java:13099)
at com.aventstack.extentreports.ReactiveSubject.attachReporter(ReactiveSubject.java:38)
at com.aventstack.extentreports.ExtentReports.attachReporter(ExtentReports.java:66)
at ExtendReport.ExtendReport.startRoort(ExtendReport.java:34)
at java.base/jdk.internal.reflect.DirectMethodHandleAccessor.invoke(DirectMethodHandleAccessor.java:104)
at java.base/java.lang.reflect.Method.invoke(Method.java:578)
at org.testng.internal.MethodInvocationHelper.invokeMethod(MethodInvocationHelper.java:133)
at org.testng.internal.MethodInvocationHelper.invokeMethodConsideringTimeout(MethodInvocationHelper.java:62)
at org.testng.internal.ConfigInvoker.invokeConfigurationMethod(ConfigInvoker.java:385)
at org.testng.internal.ConfigInvoker.invokeConfigurations(ConfigInvoker.java:321)
at org.testng.TestRunner.invokeTestConfigurations(TestRunner.java:637)
at org.testng.TestRunner.beforeRun(TestRunner.java:627)
at org.testng.TestRunner.run(TestRunner.java:589)
at org.testng.SuiteRunner.runTest(SuiteRunner.java:377)
at org.testng.SuiteRunner.runSequentially(SuiteRunner.java:371)
at org.testng.SuiteRunner.privateRun(SuiteRunner.java:332)
at org.testng.SuiteRunner.run(SuiteRunner.java:276)
at org.testng.SuiteRunnerWorker.runSuite(SuiteRunnerWorker.java:53)
at org.testng.SuiteRunnerWorker.run(SuiteRunnerWorker.java:96)
at org.testng.TestNG.runSuitesSequentially(TestNG.java:1212)
at org.testng.TestNG.runSuitesLocally(TestNG.java:1134)
at org.testng.TestNG.runSuites(TestNG.java:1063)
at org.testng.TestNG.run(TestNG.java:1031)
at org.testng.remote.AbstractRemoteTestNG.run(AbstractRemoteTestNG.java:115)
at org.testng.remote.RemoteTestNG.initAndRun(RemoteTestNG.java:251)
at org.testng.remote.RemoteTestNG.main(RemoteTestNG.java:77)
]]>
            </full-stacktrace>
          </exception> <!-- java.lang.NoSuchFieldError -->
          <reporter-output>
          </reporter-output>
        </test-method> <!-- VerifyEmail -->
        <test-method is-config="true" signature="getTestResult(org.testng.ITestResult)[pri:0, instance:ExtendReport.ExtendReport@5b247367]" started-at="2023-02-23T20:17:22 IST" name="getTestResult" finished-at="1970-01-01T05:30:00 IST" duration-ms="-1677163642178" status="SKIP">
          <reporter-output>
          </reporter-output>
        </test-method> <!-- getTestResult -->
        <test-method signature="VerifyLogo()[pri:0, instance:ExtendReport.ExtendReport@5b247367]" started-at="2023-02-23T20:17:22 IST" name="VerifyLogo" finished-at="2023-02-23T20:17:22 IST" duration-ms="0" status="SKIP">
          <exception class="java.lang.NoSuchFieldError">
            <message>
              <![CDATA[VERSION_2_3_30]]>
            </message>
            <full-stacktrace>
              <![CDATA[java.lang.NoSuchFieldError: VERSION_2_3_30
at com.aventstack.extentreports.reporter.AbstractFileReporter.loadTemplateModel(AbstractFileReporter.java:54)
at com.aventstack.extentreports.reporter.ExtentSparkReporter.start(ExtentSparkReporter.java:136)
at com.aventstack.extentreports.reporter.ExtentSparkReporter.access$000(ExtentSparkReporter.java:27)
at com.aventstack.extentreports.reporter.ExtentSparkReporter$1.onSubscribe(ExtentSparkReporter.java:116)
at io.reactivex.rxjava3.subjects.PublishSubject.subscribeActual(PublishSubject.java:133)
at io.reactivex.rxjava3.core.Observable.subscribe(Observable.java:13099)
at com.aventstack.extentreports.ReactiveSubject.attachReporter(ReactiveSubject.java:38)
at com.aventstack.extentreports.ExtentReports.attachReporter(ExtentReports.java:66)
at ExtendReport.ExtendReport.startRoort(ExtendReport.java:34)
at java.base/jdk.internal.reflect.DirectMethodHandleAccessor.invoke(DirectMethodHandleAccessor.java:104)
at java.base/java.lang.reflect.Method.invoke(Method.java:578)
at org.testng.internal.MethodInvocationHelper.invokeMethod(MethodInvocationHelper.java:133)
at org.testng.internal.MethodInvocationHelper.invokeMethodConsideringTimeout(MethodInvocationHelper.java:62)
at org.testng.internal.ConfigInvoker.invokeConfigurationMethod(ConfigInvoker.java:385)
at org.testng.internal.ConfigInvoker.invokeConfigurations(ConfigInvoker.java:321)
at org.testng.TestRunner.invokeTestConfigurations(TestRunner.java:637)
at org.testng.TestRunner.beforeRun(TestRunner.java:627)
at org.testng.TestRunner.run(TestRunner.java:589)
at org.testng.SuiteRunner.runTest(SuiteRunner.java:377)
at org.testng.SuiteRunner.runSequentially(SuiteRunner.java:371)
at org.testng.SuiteRunner.privateRun(SuiteRunner.java:332)
at org.testng.SuiteRunner.run(SuiteRunner.java:276)
at org.testng.SuiteRunnerWorker.runSuite(SuiteRunnerWorker.java:53)
at org.testng.SuiteRunnerWorker.run(SuiteRunnerWorker.java:96)
at org.testng.TestNG.runSuitesSequentially(TestNG.java:1212)
at org.testng.TestNG.runSuitesLocally(TestNG.java:1134)
at org.testng.TestNG.runSuites(TestNG.java:1063)
at org.testng.TestNG.run(TestNG.java:1031)
at org.testng.remote.AbstractRemoteTestNG.run(AbstractRemoteTestNG.java:115)
at org.testng.remote.RemoteTestNG.initAndRun(RemoteTestNG.java:251)
at org.testng.remote.RemoteTestNG.main(RemoteTestNG.java:77)
]]>
            </full-stacktrace>
          </exception> <!-- java.lang.NoSuchFieldError -->
          <reporter-output>
          </reporter-output>
        </test-method> <!-- VerifyLogo -->
        <test-method is-config="true" signature="getTestResult(org.testng.ITestResult)[pri:0, instance:ExtendReport.ExtendReport@5b247367]" started-at="2023-02-23T20:17:22 IST" name="getTestResult" finished-at="1970-01-01T05:30:00 IST" duration-ms="-1677163642186" status="SKIP">
          <reporter-output>
          </reporter-output>
        </test-method> <!-- getTestResult -->
        <test-method signature="VerifyTitel()[pri:0, instance:ExtendReport.ExtendReport@5b247367]" started-at="2023-02-23T20:17:22 IST" name="VerifyTitel" finished-at="2023-02-23T20:17:22 IST" duration-ms="0" status="SKIP">
          <exception class="java.lang.NoSuchFieldError">
            <message>
              <![CDATA[VERSION_2_3_30]]>
            </message>
            <full-stacktrace>
              <![CDATA[java.lang.NoSuchFieldError: VERSION_2_3_30
at com.aventstack.extentreports.reporter.AbstractFileReporter.loadTemplateModel(AbstractFileReporter.java:54)
at com.aventstack.extentreports.reporter.ExtentSparkReporter.start(ExtentSparkReporter.java:136)
at com.aventstack.extentreports.reporter.ExtentSparkReporter.access$000(ExtentSparkReporter.java:27)
at com.aventstack.extentreports.reporter.ExtentSparkReporter$1.onSubscribe(ExtentSparkReporter.java:116)
at io.reactivex.rxjava3.subjects.PublishSubject.subscribeActual(PublishSubject.java:133)
at io.reactivex.rxjava3.core.Observable.subscribe(Observable.java:13099)
at com.aventstack.extentreports.ReactiveSubject.attachReporter(ReactiveSubject.java:38)
at com.aventstack.extentreports.ExtentReports.attachReporter(ExtentReports.java:66)
at ExtendReport.ExtendReport.startRoort(ExtendReport.java:34)
at java.base/jdk.internal.reflect.DirectMethodHandleAccessor.invoke(DirectMethodHandleAccessor.java:104)
at java.base/java.lang.reflect.Method.invoke(Method.java:578)
at org.testng.internal.MethodInvocationHelper.invokeMethod(MethodInvocationHelper.java:133)
at org.testng.internal.MethodInvocationHelper.invokeMethodConsideringTimeout(MethodInvocationHelper.java:62)
at org.testng.internal.ConfigInvoker.invokeConfigurationMethod(ConfigInvoker.java:385)
at org.testng.internal.ConfigInvoker.invokeConfigurations(ConfigInvoker.java:321)
at org.testng.TestRunner.invokeTestConfigurations(TestRunner.java:637)
at org.testng.TestRunner.beforeRun(TestRunner.java:627)
at org.testng.TestRunner.run(TestRunner.java:589)
at org.testng.SuiteRunner.runTest(SuiteRunner.java:377)
at org.testng.SuiteRunner.runSequentially(SuiteRunner.java:371)
at org.testng.SuiteRunner.privateRun(SuiteRunner.java:332)
at org.testng.SuiteRunner.run(SuiteRunner.java:276)
at org.testng.SuiteRunnerWorker.runSuite(SuiteRunnerWorker.java:53)
at org.testng.SuiteRunnerWorker.run(SuiteRunnerWorker.java:96)
at org.testng.TestNG.runSuitesSequentially(TestNG.java:1212)
at org.testng.TestNG.runSuitesLocally(TestNG.java:1134)
at org.testng.TestNG.runSuites(TestNG.java:1063)
at org.testng.TestNG.run(TestNG.java:1031)
at org.testng.remote.AbstractRemoteTestNG.run(AbstractRemoteTestNG.java:115)
at org.testng.remote.RemoteTestNG.initAndRun(RemoteTestNG.java:251)
at org.testng.remote.RemoteTestNG.main(RemoteTestNG.java:77)
]]>
            </full-stacktrace>
          </exception> <!-- java.lang.NoSuchFieldError -->
          <reporter-output>
          </reporter-output>
        </test-method> <!-- VerifyTitel -->
        <test-method is-config="true" signature="getTestResult(org.testng.ITestResult)[pri:0, instance:ExtendReport.ExtendReport@5b247367]" started-at="2023-02-23T20:17:22 IST" name="getTestResult" finished-at="1970-01-01T05:30:00 IST" duration-ms="-1677163642193" status="SKIP">
          <reporter-output>
          </reporter-output>
        </test-method> <!-- getTestResult -->
        <test-method signature="VerifyUserName()[pri:0, instance:ExtendReport.ExtendReport@5b247367]" started-at="2023-02-23T20:17:22 IST" name="VerifyUserName" finished-at="2023-02-23T20:17:22 IST" duration-ms="0" status="SKIP">
          <exception class="java.lang.NoSuchFieldError">
            <message>
              <![CDATA[VERSION_2_3_30]]>
            </message>
            <full-stacktrace>
              <![CDATA[java.lang.NoSuchFieldError: VERSION_2_3_30
at com.aventstack.extentreports.reporter.AbstractFileReporter.loadTemplateModel(AbstractFileReporter.java:54)
at com.aventstack.extentreports.reporter.ExtentSparkReporter.start(ExtentSparkReporter.java:136)
at com.aventstack.extentreports.reporter.ExtentSparkReporter.access$000(ExtentSparkReporter.java:27)
at com.aventstack.extentreports.reporter.ExtentSparkReporter$1.onSubscribe(ExtentSparkReporter.java:116)
at io.reactivex.rxjava3.subjects.PublishSubject.subscribeActual(PublishSubject.java:133)
at io.reactivex.rxjava3.core.Observable.subscribe(Observable.java:13099)
at com.aventstack.extentreports.ReactiveSubject.attachReporter(ReactiveSubject.java:38)
at com.aventstack.extentreports.ExtentReports.attachReporter(ExtentReports.java:66)
at ExtendReport.ExtendReport.startRoort(ExtendReport.java:34)
at java.base/jdk.internal.reflect.DirectMethodHandleAccessor.invoke(DirectMethodHandleAccessor.java:104)
at java.base/java.lang.reflect.Method.invoke(Method.java:578)
at org.testng.internal.MethodInvocationHelper.invokeMethod(MethodInvocationHelper.java:133)
at org.testng.internal.MethodInvocationHelper.invokeMethodConsideringTimeout(MethodInvocationHelper.java:62)
at org.testng.internal.ConfigInvoker.invokeConfigurationMethod(ConfigInvoker.java:385)
at org.testng.internal.ConfigInvoker.invokeConfigurations(ConfigInvoker.java:321)
at org.testng.TestRunner.invokeTestConfigurations(TestRunner.java:637)
at org.testng.TestRunner.beforeRun(TestRunner.java:627)
at org.testng.TestRunner.run(TestRunner.java:589)
at org.testng.SuiteRunner.runTest(SuiteRunner.java:377)
at org.testng.SuiteRunner.runSequentially(SuiteRunner.java:371)
at org.testng.SuiteRunner.privateRun(SuiteRunner.java:332)
at org.testng.SuiteRunner.run(SuiteRunner.java:276)
at org.testng.SuiteRunnerWorker.runSuite(SuiteRunnerWorker.java:53)
at org.testng.SuiteRunnerWorker.run(SuiteRunnerWorker.java:96)
at org.testng.TestNG.runSuitesSequentially(TestNG.java:1212)
at org.testng.TestNG.runSuitesLocally(TestNG.java:1134)
at org.testng.TestNG.runSuites(TestNG.java:1063)
at org.testng.TestNG.run(TestNG.java:1031)
at org.testng.remote.AbstractRemoteTestNG.run(AbstractRemoteTestNG.java:115)
at org.testng.remote.RemoteTestNG.initAndRun(RemoteTestNG.java:251)
at org.testng.remote.RemoteTestNG.main(RemoteTestNG.java:77)
]]>
            </full-stacktrace>
          </exception> <!-- java.lang.NoSuchFieldError -->
          <reporter-output>
          </reporter-output>
        </test-method> <!-- VerifyUserName -->
        <test-method is-config="true" signature="getTestResult(org.testng.ITestResult)[pri:0, instance:ExtendReport.ExtendReport@5b247367]" started-at="2023-02-23T20:17:22 IST" name="getTestResult" finished-at="1970-01-01T05:30:00 IST" duration-ms="-1677163642202" status="SKIP">
          <reporter-output>
          </reporter-output>
        </test-method> <!-- getTestResult -->
        <test-method is-config="true" signature="tearDown()[pri:0, instance:ExtendReport.ExtendReport@5b247367]" started-at="2023-02-23T20:17:22 IST" name="tearDown" finished-at="1970-01-01T05:30:00 IST" duration-ms="-1677163642205" status="SKIP">
          <reporter-output>
          </reporter-output>
        </test-method> <!-- tearDown -->
      </class> <!-- ExtendReport.ExtendReport -->
    </test> <!-- Default test -->
  </suite> <!-- Default suite -->
</testng-results>
